Unity Editor version:    2020.3.33f1 (915a7af8b0d5)
Branch:                  2020.3/staging
Build type:              Release
Batch mode:              YES
macOS version:           Version 12.4 (Build 21F79)
Darwin version:          21.5.0
Architecture:            x86_64
Running under Rosetta:   NO
Available memory:        16384 MB
Using pre-set license
Pro License: NO

COMMAND LINE ARGUMENTS:
/Applications/Unity/Unity.app/Contents/MacOS/Unity
-adb2
-batchMode
-noUpm
-name
AssetImportWorker0
-projectPath
/Users/mateuszbrzezinski/Desktop/Tower-Defense2
-logFile
Logs/AssetImportWorker0.log
-srvPort
50428
Successfully changed project path to: /Users/mateuszbrzezinski/Desktop/Tower-Defense2
/Users/mateuszbrzezinski/Desktop/Tower-Defense2
Using Asset Import Pipeline V2.
Refreshing native plugins compatible for Editor in 51.98 ms, found 3 plugins.
Preloading 0 native plugins for Editor in 0.00 ms.
Initialize engine version: 2020.3.33f1 (915a7af8b0d5)
[Subsystems] Discovering subsystems at path /Applications/Unity/Unity.app/Contents/Resources/UnitySubsystems
[Subsystems] Discovering subsystems at path /Users/mateuszbrzezinski/Desktop/Tower-Defense2/Assets
GfxDevice: creating device client; threaded=0
2022-10-17 11:00:50.169 Unity[11674:583356] Color LCD preferred device: Intel(R) Iris(TM) Plus Graphics 655 (low power)
2022-10-17 11:00:50.169 Unity[11674:583356] Metal devices available: 1
2022-10-17 11:00:50.169 Unity[11674:583356] 0: Intel(R) Iris(TM) Plus Graphics 655 (low power)
2022-10-17 11:00:50.169 Unity[11674:583356] Using device Intel(R) Iris(TM) Plus Graphics 655 (low power)
Initializing Metal device caps: Intel(R) Iris(TM) Plus Graphics 655
Initialize mono
Mono path[0] = '/Applications/Unity/Unity.app/Contents/Managed'
Mono path[1] = '/Applications/Unity/Unity.app/Contents/MonoBleedingEdge/lib/mono/unityjit'
Mono config path = '/Applications/Unity/Unity.app/Contents/MonoBleedingEdge/etc'
Using monoOptions --debugger-agent=transport=dt_socket,embedding=1,server=y,suspend=n,address=127.0.0.1:56674
Begin MonoManager ReloadAssembly
Registering precompiled unity dll's ...
Register platform support module: /Applications/Unity/Unity.app/Contents/PlaybackEngines/MacStandaloneSupport/UnityEditor.OSXStandalone.Extensions.dll
Registered in 0.000379 seconds.
Native extension for OSXStandalone target not found
Refreshing native plugins compatible for Editor in 51.92 ms, found 3 plugins.
Preloading 0 native plugins for Editor in 0.00 ms.
Mono: successfully reloaded assembly
- Completed reload, in  0.655 seconds
Domain Reload Profiling:
	ReloadAssembly (655ms)
		BeginReloadAssembly (48ms)
			ExecutionOrderSort (0ms)
			DisableScriptedObjects (0ms)
			BackupInstance (0ms)
			ReleaseScriptingObjects (0ms)
			CreateAndSetChildDomain (1ms)
		EndReloadAssembly (533ms)
			LoadAssemblies (47ms)
			RebuildTransferFunctionScriptingTraits (0ms)
			SetupTypeCache (190ms)
			ReleaseScriptCaches (0ms)
			RebuildScriptCaches (40ms)
			SetupLoadedEditorAssemblies (212ms)
				LogAssemblyErrors (0ms)
				InitializePlatformSupportModulesInManaged (4ms)
				SetLoadedEditorAssemblies (0ms)
				RefreshPlugins (52ms)
				BeforeProcessingInitializeOnLoad (10ms)
				ProcessInitializeOnLoadAttributes (112ms)
				ProcessInitializeOnLoadMethodAttributes (33ms)
				AfterProcessingInitializeOnLoad (0ms)
				EditorAssembliesLoaded (0ms)
			ExecutionOrderSort2 (0ms)
			AwakeInstancesAfterBackupRestoration (0ms)
Platform modules already initialized, skipping
Registering precompiled user dll's ...
Registered in 0.001140 seconds.
Begin MonoManager ReloadAssembly
Symbol file LoadedFromMemory doesn't match image /Users/mateuszbrzezinski/Desktop/Tower-Defense2/Library/PackageCache/com.unity.collab-proxy@1.15.15/Lib/Editor/PlasticSCM/unityplastic.dll
Native extension for OSXStandalone target not found
Refreshing native plugins compatible for Editor in 51.52 ms, found 3 plugins.
Preloading 0 native plugins for Editor in 0.00 ms.
Mono: successfully reloaded assembly
- Completed reload, in  1.293 seconds
Domain Reload Profiling:
	ReloadAssembly (1294ms)
		BeginReloadAssembly (169ms)
			ExecutionOrderSort (0ms)
			DisableScriptedObjects (6ms)
			BackupInstance (0ms)
			ReleaseScriptingObjects (0ms)
			CreateAndSetChildDomain (27ms)
		EndReloadAssembly (1060ms)
			LoadAssemblies (87ms)
			RebuildTransferFunctionScriptingTraits (0ms)
			SetupTypeCache (381ms)
			ReleaseScriptCaches (1ms)
			RebuildScriptCaches (67ms)
			SetupLoadedEditorAssemblies (385ms)
				LogAssemblyErrors (0ms)
				InitializePlatformSupportModulesInManaged (6ms)
				SetLoadedEditorAssemblies (0ms)
				RefreshPlugins (52ms)
				BeforeProcessingInitializeOnLoad (62ms)
				ProcessInitializeOnLoadAttributes (246ms)
				ProcessInitializeOnLoadMethodAttributes (19ms)
				AfterProcessingInitializeOnLoad (1ms)
				EditorAssembliesLoaded (0ms)
			ExecutionOrderSort2 (0ms)
			AwakeInstancesAfterBackupRestoration (8ms)
Platform modules already initialized, skipping
Validating Project structure ... 0.005300 seconds.
Shader import version has changed; will reimport all shaders...
Upgrading shader files ...0.018625 seconds.
Application.AssetDatabase Initial Script Refresh Start
RefreshInfo: InitialScriptRefreshV2(NoUpdateAssetOptions) scanfilter:  ... 1 filters
RefreshProfiler: Total: 0.000ms
Application.AssetDatabase Initial Script Refresh End
Application.AssetDatabase.Refresh Start
Application.AssetDatabase.Refresh End
RefreshInfo: StopAssetImportingV2(ForceSynchronousImport) scanfilter: 
RefreshProfiler: Total: 0.000ms
Launching external process: /Applications/Unity/Unity.app/Contents/Tools/UnityShaderCompiler
Launched and connected shader compiler UnityShaderCompiler after 0.01 seconds
Initializing Unity extensions:
2022-10-17 11:00:54.055 Unity[11674:583356] NSEventModifierFlagFunction specified to -setKeyEquivalentModifierMask: for item <NSMenuItem: 0x600000f21c70 Font Asset, ke='Command-F12'>, but is only supported for system-provided menu items; will not be used
2022-10-17 11:00:54.058 Unity[11674:583356] NSEventModifierFlagFunction specified to -setKeyEquivalentModifierMask: for item <NSMenuItem: 0x600000f53720 Font Asset, ke='Command-F12'>, but is only supported for system-provided menu items; will not be used
========================================================================
Worker process is ready to serve import requests
Refreshing native plugins compatible for Editor in 0.42 ms, found 3 plugins.
Preloading 0 native plugins for Editor in 0.00 ms.
Unloading 2227 Unused Serialized files (Serialized files now loaded: 0)
System memory in use before: 214.9 MB.
System memory in use after: 214.2 MB.

Unloading 110 unused Assets to reduce memory usage. Loaded Objects now: 2705.
Total: 3.615939 ms (FindLiveObjects: 0.157875 ms CreateObjectMapping: 0.080292 ms MarkObjects: 2.859505 ms  DeleteObjects: 0.517288 ms)

AssetImportParameters requested are different than current active one (requested -> active):
  custom:video-decoder-ogg-theora: a1e56fd34408186e4bbccfd4996cb3dc -> 
  custom:container-muxer-webm: aa71ff27fc2769a1b78a27578f13a17b -> 
  custom:container-demuxer-webm: 4f35f7cbe854078d1ac9338744f61a02 -> 
  custom:container-demuxer-ogg: 62fdf1f143b41e24485cea50d1cbac27 -> 
  custom:video-encoder-webm-vp8: eb34c28f22e8b96e1ab97ce403110664 -> 
  custom:framework-osx-AVFoundation: e770b220cccbd017edd2c1fefb359320 -> 
  custom:video-decoder-webm-vp8: 9c59270c3fd7afecdb556c50c9e8de78 -> 
  custom:audio-decoder-ogg-vorbis: bf7c407c2cedff20999df2af8eb42d56 -> 
  custom:audio-encoder-webm-vorbis: bf7c407c2cedff20999df2af8eb42d56 -> 
========================================================================
Received Import Request.
  path: Assets/Game Assets/Towers/1/5.png
  artifactKey: Guid(fe6165fe258611843ba2d9b92055f91b) Importer(815301076,1909f56bfc062723c751e8b465ee728b)
Start importing Assets/Game Assets/Towers/1/5.png using Guid(fe6165fe258611843ba2d9b92055f91b) Importer(815301076,1909f56bfc062723c751e8b465ee728b)  -> (artifact id: '8e723e9b25d93d0b9564d05e00d1f5c5') in 0.199030 seconds 
========================================================================
Received Import Request.
  Time since last request: 29.651949 seconds.
  path: Assets/Game Assets/Towers/1/6.png
  artifactKey: Guid(c89d16237723afc46b93d553de84d173) Importer(815301076,1909f56bfc062723c751e8b465ee728b)
Start importing Assets/Game Assets/Towers/1/6.png using Guid(c89d16237723afc46b93d553de84d173) Importer(815301076,1909f56bfc062723c751e8b465ee728b)  -> (artifact id: 'd68e1d5cf0a5067995c53bdbf143a733') in 0.040729 seconds 
========================================================================
Received Import Request.
  Time since last request: 58.965878 seconds.
  path: Assets/Animations/Towers/Tower1.controller
  artifactKey: Guid(f4fc183c31fd149fa9a1ac8379ab616f) Importer(815301076,1909f56bfc062723c751e8b465ee728b)
Start importing Assets/Animations/Towers/Tower1.controller using Guid(f4fc183c31fd149fa9a1ac8379ab616f) Importer(815301076,1909f56bfc062723c751e8b465ee728b)  -> (artifact id: 'd865299aa938181a265e0dcd665cd743') in 0.130288 seconds 
========================================================================
Received Prepare
Registering precompiled user dll's ...
Registered in 0.001228 seconds.
Begin MonoManager ReloadAssembly
Symbol file LoadedFromMemory doesn't match image /Users/mateuszbrzezinski/Desktop/Tower-Defense2/Library/PackageCache/com.unity.collab-proxy@1.15.15/Lib/Editor/PlasticSCM/unityplastic.dll
Native extension for OSXStandalone target not found
Refreshing native plugins compatible for Editor in 0.56 ms, found 3 plugins.
Preloading 0 native plugins for Editor in 0.00 ms.
2022-10-17 11:06:44.600 Unity[11674:583356] NSEventModifierFlagFunction specified to -setKeyEquivalentModifierMask: for item <NSMenuItem: 0x600000f28e00 Font Asset, ke='Command-F12'>, but is only supported for system-provided menu items; will not be used
Mono: successfully reloaded assembly
- Completed reload, in  1.165 seconds
Domain Reload Profiling:
	ReloadAssembly (1165ms)
		BeginReloadAssembly (118ms)
			ExecutionOrderSort (0ms)
			DisableScriptedObjects (7ms)
			BackupInstance (0ms)
			ReleaseScriptingObjects (0ms)
			CreateAndSetChildDomain (49ms)
		EndReloadAssembly (980ms)
			LoadAssemblies (81ms)
			RebuildTransferFunctionScriptingTraits (1ms)
			SetupTypeCache (358ms)
			ReleaseScriptCaches (1ms)
			RebuildScriptCaches (56ms)
			SetupLoadedEditorAssemblies (351ms)
				LogAssemblyErrors (0ms)
				InitializePlatformSupportModulesInManaged (4ms)
				SetLoadedEditorAssemblies (1ms)
				RefreshPlugins (1ms)
				BeforeProcessingInitializeOnLoad (108ms)
				ProcessInitializeOnLoadAttributes (224ms)
				ProcessInitializeOnLoadMethodAttributes (13ms)
				AfterProcessingInitializeOnLoad (1ms)
				EditorAssembliesLoaded (0ms)
			ExecutionOrderSort2 (0ms)
			AwakeInstancesAfterBackupRestoration (10ms)
Platform modules already initialized, skipping
Refreshing native plugins compatible for Editor in 0.43 ms, found 3 plugins.
Preloading 0 native plugins for Editor in 0.00 ms.
Unloading 2202 Unused Serialized files (Serialized files now loaded: 0)
System memory in use before: 221.6 MB.
System memory in use after: 221.7 MB.

Unloading 15 unused Assets to reduce memory usage. Loaded Objects now: 2714.
Total: 3.136699 ms (FindLiveObjects: 0.145206 ms CreateObjectMapping: 0.081994 ms MarkObjects: 2.891165 ms  DeleteObjects: 0.017200 ms)

AssetImportParameters requested are different than current active one (requested -> active):
  custom:video-decoder-ogg-theora: a1e56fd34408186e4bbccfd4996cb3dc -> 
  custom:container-muxer-webm: aa71ff27fc2769a1b78a27578f13a17b -> 
  custom:container-demuxer-webm: 4f35f7cbe854078d1ac9338744f61a02 -> 
  custom:container-demuxer-ogg: 62fdf1f143b41e24485cea50d1cbac27 -> 
  custom:video-encoder-webm-vp8: eb34c28f22e8b96e1ab97ce403110664 -> 
  custom:framework-osx-AVFoundation: e770b220cccbd017edd2c1fefb359320 -> 
  custom:video-decoder-webm-vp8: 9c59270c3fd7afecdb556c50c9e8de78 -> 
  custom:audio-decoder-ogg-vorbis: bf7c407c2cedff20999df2af8eb42d56 -> 
  custom:audio-encoder-webm-vorbis: bf7c407c2cedff20999df2af8eb42d56 -> 
========================================================================
Received Import Request.
  Time since last request: 466.595824 seconds.
  path: Assets/Game Assets/Towers/3
  artifactKey: Guid(8ba4a3037264ff047aaddce169f57a01) Importer(815301076,1909f56bfc062723c751e8b465ee728b)
Start importing Assets/Game Assets/Towers/3 using Guid(8ba4a3037264ff047aaddce169f57a01) Importer(815301076,1909f56bfc062723c751e8b465ee728b)  -> (artifact id: '18a1cf87b05358535d58f001d7dd099f') in 0.008047 seconds 
========================================================================
Received Import Request.
  Time since last request: 1.263693 seconds.
  path: Assets/Game Assets/Towers/3/6 1.png
  artifactKey: Guid(6ec25cf9293d16643bbb19bcc39da323) Importer(815301076,1909f56bfc062723c751e8b465ee728b)
Start importing Assets/Game Assets/Towers/3/6 1.png using Guid(6ec25cf9293d16643bbb19bcc39da323) Importer(815301076,1909f56bfc062723c751e8b465ee728b)  -> (artifact id: '48d1bfef17610757f0162cb9df259dce') in 0.066695 seconds 
========================================================================
Received Import Request.
  Time since last request: 201.299584 seconds.
  path: Assets/Animations/Towers2/Tower2.controller
  artifactKey: Guid(54783fb9100494100abe3fbc7f602e73) Importer(815301076,1909f56bfc062723c751e8b465ee728b)
Start importing Assets/Animations/Towers2/Tower2.controller using Guid(54783fb9100494100abe3fbc7f602e73) Importer(815301076,1909f56bfc062723c751e8b465ee728b)  -> (artifact id: '0b9e8ddc8c3872ee2cdd4cf7b31c55bd') in 0.004722 seconds 
========================================================================
Received Import Request.
  Time since last request: 48.892764 seconds.
  path: Assets/Game Assets/Towers/2
  artifactKey: Guid(d5f3d6ba151ee55499cad02014df5388) Importer(815301076,1909f56bfc062723c751e8b465ee728b)
Start importing Assets/Game Assets/Towers/2 using Guid(d5f3d6ba151ee55499cad02014df5388) Importer(815301076,1909f56bfc062723c751e8b465ee728b)  -> (artifact id: '43e0912e03b85d8e3ed5e992bfb17fa3') in 0.003345 seconds 
========================================================================
Received Import Request.
  Time since last request: 1.082527 seconds.
  path: Assets/Game Assets/Towers/2/7.png
  artifactKey: Guid(0a4f1f3e74cce5f419cdccd1f352d739) Importer(815301076,1909f56bfc062723c751e8b465ee728b)
Start importing Assets/Game Assets/Towers/2/7.png using Guid(0a4f1f3e74cce5f419cdccd1f352d739) Importer(815301076,1909f56bfc062723c751e8b465ee728b)  -> (artifact id: '527217cdf1d113cb187c87fd71d63956') in 0.029641 seconds 
========================================================================
Received Import Request.
  Time since last request: 2.904495 seconds.
  path: Assets/Game Assets/Towers/2/8.png
  artifactKey: Guid(6cd3b30ecc1f64a4fb0835072dd12a67) Importer(815301076,1909f56bfc062723c751e8b465ee728b)
Start importing Assets/Game Assets/Towers/2/8.png using Guid(6cd3b30ecc1f64a4fb0835072dd12a67) Importer(815301076,1909f56bfc062723c751e8b465ee728b)  -> (artifact id: '10ffbfe7e17f95df3fb5291ec895b1e6') in 0.029325 seconds 
========================================================================
Received Import Request.
  Time since last request: 0.779346 seconds.
  path: Assets/Game Assets/Towers/2/9.png
  artifactKey: Guid(5f3aaecba6843d24da778f4b5ab3745f) Importer(815301076,1909f56bfc062723c751e8b465ee728b)
Start importing Assets/Game Assets/Towers/2/9.png using Guid(5f3aaecba6843d24da778f4b5ab3745f) Importer(815301076,1909f56bfc062723c751e8b465ee728b)  -> (artifact id: '0ac48537695375e45afd3410eb3edff2') in 0.026822 seconds 
========================================================================
Received Import Request.
  Time since last request: 188.177989 seconds.
  path: Assets/Game Assets/Towers/4/10.png
  artifactKey: Guid(f702f31b9e3c16946bae340e645431ae) Importer(815301076,1909f56bfc062723c751e8b465ee728b)
Start importing Assets/Game Assets/Towers/4/10.png using Guid(f702f31b9e3c16946bae340e645431ae) Importer(815301076,1909f56bfc062723c751e8b465ee728b)  -> (artifact id: '76aa4444c6b3219fb293370de0ef41a6') in 0.031073 seconds 
========================================================================
Received Import Request.
  Time since last request: 1.551627 seconds.
  path: Assets/Game Assets/Towers/4/11.png
  artifactKey: Guid(efbfebf570585c044a7890658366b7e8) Importer(815301076,1909f56bfc062723c751e8b465ee728b)
Start importing Assets/Game Assets/Towers/4/11.png using Guid(efbfebf570585c044a7890658366b7e8) Importer(815301076,1909f56bfc062723c751e8b465ee728b)  -> (artifact id: 'cb762691da9a8ecefeb827ad12f18c14') in 0.028280 seconds 
========================================================================
Received Import Request.
  Time since last request: 1.069772 seconds.
  path: Assets/Game Assets/Towers/4/12.png
  artifactKey: Guid(e98327a79b0a1b74790cd66bd354afca) Importer(815301076,1909f56bfc062723c751e8b465ee728b)
Start importing Assets/Game Assets/Towers/4/12.png using Guid(e98327a79b0a1b74790cd66bd354afca) Importer(815301076,1909f56bfc062723c751e8b465ee728b)  -> (artifact id: '44039b3eeea22cdee3d0464f2215f23b') in 0.019622 seconds 
========================================================================
Received Import Request.
  Time since last request: 105.797084 seconds.
  path: Assets/Animations/Towers4/T2.anim
  artifactKey: Guid(b813f6107a2cc44359d0b39a855ee801) Importer(815301076,1909f56bfc062723c751e8b465ee728b)
Start importing Assets/Animations/Towers4/T2.anim using Guid(b813f6107a2cc44359d0b39a855ee801) Importer(815301076,1909f56bfc062723c751e8b465ee728b)  -> (artifact id: '0e92c6e9ad9c41cfd43ac9a1b28af4d1') in 0.108862 seconds 
AssetImportWorkerClient::OnTransportError - code=2 error=End of file
